2020-06-15 09:02:07,821 [Worker-16] INFO  o.e.m.c.i.l.LifecycleMappingFactory - Using NULL lifecycle mapping for MavenProject: org.zcn:mall-manager:0.0.1-SNAPSHOT @ F:\zcn\fjny_1801\mall-manager\pom.xml.
2020-06-15 09:02:08,162 [Worker-16] INFO  o.e.m.c.i.l.LifecycleMappingFactory - Using NULL lifecycle mapping for MavenProject: org.zcn:mall-parent:0.0.1-SNAPSHOT @ F:\zcn\fjny_1801\mall-parent\pom.xml.
2020-06-15 09:02:11,037 [Worker-13] INFO  o.e.m.c.i.e.AbstractTransferListenerAdapter - Downloaded https://repo.maven.apache.org/maven2/org/apache/maven/plugins/maven-compiler-plugin/3.2/maven-compiler-plugin-3.2.jar
2020-06-15 09:02:12,159 [Worker-13] INFO  o.e.m.c.i.e.AbstractTransferListenerAdapter - Downloaded https://repo.maven.apache.org/maven2/org/apache/maven/plugins/maven-compiler-plugin/3.2/maven-compiler-plugin-3.2.pom
2020-06-15 09:02:12,180 [Worker-13] INFO  o.e.m.c.i.l.LifecycleMappingFactory - Using org.eclipse.m2e.jdt.JarLifecycleMapping lifecycle mapping for MavenProject: org.zcn:mall-common:0.0.1-SNAPSHOT @ F:\zcn\fjny_1801\mall-common\pom.xml.
2020-06-15 09:02:12,371 [Worker-13] WARN  o.e.m.c.i.embedder.EclipseLogger - The artifact org.apache.commons:commons-io:jar:1.3.2 has been relocated to commons-io:commons-io:jar:1.3.2
2020-06-15 09:02:12,440 [Worker-13] INFO  o.e.m.c.i.l.LifecycleMappingFactory - Using NULL lifecycle mapping for MavenProject: org.zcn:mall-manager:0.0.1-SNAPSHOT @ F:\zcn\fjny_1801\mall-manager\pom.xml.
2020-06-15 09:02:13,588 [Worker-13] INFO  o.e.m.c.i.embedder.EclipseLogger - Using 'UTF-8' encoding to copy filtered resources.
2020-06-15 09:02:13,592 [Worker-13] INFO  o.e.m.c.i.embedder.EclipseLogger - Copying 0 resource
2020-06-15 09:02:13,594 [Worker-13] INFO  o.e.m.c.i.embedder.EclipseLogger - Using 'UTF-8' encoding to copy filtered resources.
2020-06-15 09:02:13,594 [Worker-13] INFO  o.e.m.c.i.embedder.EclipseLogger - Copying 0 resource
2020-06-15 09:02:15,460 [Worker-19] WARN  o.e.m.c.i.embedder.EclipseLogger - The artifact org.apache.commons:commons-io:jar:1.3.2 has been relocated to commons-io:commons-io:jar:1.3.2
2020-06-15 09:02:15,523 [Worker-19] INFO  o.e.m.c.i.embedder.EclipseLogger - Using 'UTF-8' encoding to copy filtered resources.
2020-06-15 09:02:15,530 [Worker-19] INFO  o.e.m.c.i.embedder.EclipseLogger - Copying 0 resource
2020-06-15 09:02:15,531 [Worker-19] INFO  o.e.m.c.i.embedder.EclipseLogger - Using 'UTF-8' encoding to copy filtered resources.
2020-06-15 09:02:15,532 [Worker-19] INFO  o.e.m.c.i.embedder.EclipseLogger - Copying 0 resource
2020-06-15 09:04:10,066 [Worker-18] INFO  o.e.m.c.i.l.LifecycleMappingFactory - Using org.eclipse.m2e.jdt.JarLifecycleMapping lifecycle mapping for MavenProject: org.zcn:mall-manager-pojo:0.0.1-SNAPSHOT @ F:\zcn\fjny_1801\mall-manager\mall-manager-pojo\pom.xml.
2020-06-15 09:04:10,375 [Worker-18] INFO  o.e.m.c.i.l.LifecycleMappingFactory - Using org.eclipse.m2e.jdt.JarLifecycleMapping lifecycle mapping for MavenProject: org.zcn:mall-manager-mapper:0.0.1-SNAPSHOT @ F:\zcn\fjny_1801\mall-manager\mall-manager-mapper\pom.xml.
2020-06-15 09:04:10,842 [Worker-18] INFO  o.e.m.c.i.l.LifecycleMappingFactory - Using org.eclipse.m2e.jdt.JarLifecycleMapping lifecycle mapping for MavenProject: org.zcn:mall-manager-service:0.0.1-SNAPSHOT @ F:\zcn\fjny_1801\mall-manager\mall-manager-service\pom.xml.
2020-06-15 09:04:11,276 [Worker-18] INFO  o.e.m.c.i.l.LifecycleMappingFactory - Using org.maven.ide.eclipse.wtp.WarLifecycleMapping lifecycle mapping for MavenProject: org.zcn:mall-manager-web:0.0.1-SNAPSHOT @ F:\zcn\fjny_1801\mall-manager\mall-manager-web\pom.xml.
2020-06-15 09:04:12,194 [Worker-18] WARN  o.e.m.c.i.embedder.EclipseLogger - Failed to retrieve plugin descriptor for org.apache.maven.plugins:maven-compiler-plugin:3.2: Plugin org.apache.maven.plugins:maven-compiler-plugin:3.2 or one of its dependencies could not be resolved: Failed to read artifact descriptor for org.apache.maven.plugins:maven-compiler-plugin:jar:3.2
2020-06-15 09:04:12,406 [Worker-18] WARN  o.e.m.c.i.embedder.EclipseLogger - Failed to retrieve plugin descriptor for org.apache.maven.plugins:maven-compiler-plugin:3.2: Plugin org.apache.maven.plugins:maven-compiler-plugin:3.2 or one of its dependencies could not be resolved: Failed to read artifact descriptor for org.apache.maven.plugins:maven-compiler-plugin:jar:3.2
2020-06-15 09:04:15,067 [Worker-18] WARN  o.e.m.c.i.embedder.EclipseLogger - Failed to retrieve plugin descriptor for org.apache.maven.plugins:maven-compiler-plugin:3.2: Plugin org.apache.maven.plugins:maven-compiler-plugin:3.2 or one of its dependencies could not be resolved: Failed to read artifact descriptor for org.apache.maven.plugins:maven-compiler-plugin:jar:3.2
2020-06-15 09:04:15,070 [Worker-18] WARN  o.e.m.c.i.embedder.EclipseLogger - Failed to retrieve plugin descriptor for org.apache.maven.plugins:maven-compiler-plugin:3.2: Plugin org.apache.maven.plugins:maven-compiler-plugin:3.2 or one of its dependencies could not be resolved: Failed to read artifact descriptor for org.apache.maven.plugins:maven-compiler-plugin:jar:3.2
2020-06-15 09:04:15,536 [Worker-18] INFO  o.e.m.c.i.p.ProjectConfigurationManager - Imported and configured 4 project(s) in 6 sec
2020-06-15 09:04:20,761 [Worker-23] INFO  o.e.m.c.i.embedder.EclipseLogger - Using 'UTF-8' encoding to copy filtered resources.
2020-06-15 09:04:20,761 [Worker-23] INFO  o.e.m.c.i.embedder.EclipseLogger - Copying 0 resource
2020-06-15 09:04:20,762 [Worker-23] INFO  o.e.m.c.i.embedder.EclipseLogger - Using 'UTF-8' encoding to copy filtered resources.
2020-06-15 09:04:20,762 [Worker-23] INFO  o.e.m.c.i.embedder.EclipseLogger - Copying 0 resource
2020-06-15 09:04:21,198 [Worker-23] INFO  o.e.m.c.i.embedder.EclipseLogger - Using 'UTF-8' encoding to copy filtered resources.
2020-06-15 09:04:21,199 [Worker-23] INFO  o.e.m.c.i.embedder.EclipseLogger - Copying 0 resource
2020-06-15 09:04:21,200 [Worker-23] INFO  o.e.m.c.i.embedder.EclipseLogger - Using 'UTF-8' encoding to copy filtered resources.
2020-06-15 09:04:21,200 [Worker-23] INFO  o.e.m.c.i.embedder.EclipseLogger - Copying 0 resource
2020-06-15 09:04:21,920 [Worker-23] INFO  o.e.m.c.i.embedder.EclipseLogger - Using 'UTF-8' encoding to copy filtered resources.
2020-06-15 09:04:21,920 [Worker-23] INFO  o.e.m.c.i.embedder.EclipseLogger - Copying 0 resource
2020-06-15 09:04:21,921 [Worker-23] INFO  o.e.m.c.i.embedder.EclipseLogger - Using 'UTF-8' encoding to copy filtered resources.
2020-06-15 09:04:21,921 [Worker-23] INFO  o.e.m.c.i.embedder.EclipseLogger - Copying 0 resource
2020-06-15 09:04:26,255 [Worker-23] INFO  o.e.m.c.i.embedder.EclipseLogger - Using 'UTF-8' encoding to copy filtered resources.
2020-06-15 09:04:26,256 [Worker-23] INFO  o.e.m.c.i.embedder.EclipseLogger - Copying 0 resource
2020-06-15 09:04:26,256 [Worker-23] INFO  o.e.m.c.i.embedder.EclipseLogger - Using 'UTF-8' encoding to copy filtered resources.
2020-06-15 09:04:26,256 [Worker-23] INFO  o.e.m.c.i.embedder.EclipseLogger - Copying 0 resource
2020-06-15 09:04:26,877 [Worker-23] INFO  o.e.m.c.i.embedder.EclipseLogger - Using 'UTF-8' encoding to copy filtered resources.
2020-06-15 09:04:26,878 [Worker-23] INFO  o.e.m.c.i.embedder.EclipseLogger - Copying 6 resources
2020-06-15 09:04:26,924 [Worker-23] INFO  o.e.m.c.i.embedder.EclipseLogger - Using 'UTF-8' encoding to copy filtered resources.
2020-06-15 09:04:26,924 [Worker-23] INFO  o.e.m.c.i.embedder.EclipseLogger - Copying 0 resource
2020-06-15 09:05:10,231 [Worker-26] INFO  o.e.m.i.launch.MavenLaunchDelegate - F:\zcn\fjny_1801\mall-common
2020-06-15 09:05:10,231 [Worker-26] INFO  o.e.m.i.launch.MavenLaunchDelegate -  mvn  -B clean
2020-06-15 09:05:12,835 [Worker-17] WARN  o.e.m.c.i.embedder.EclipseLogger - The artifact org.apache.commons:commons-io:jar:1.3.2 has been relocated to commons-io:commons-io:jar:1.3.2
2020-06-15 09:05:12,885 [Worker-17] INFO  o.e.m.c.i.embedder.EclipseLogger - Using 'UTF-8' encoding to copy filtered resources.
2020-06-15 09:05:12,886 [Worker-17] INFO  o.e.m.c.i.embedder.EclipseLogger - Copying 0 resource
2020-06-15 09:05:12,889 [Worker-17] INFO  o.e.m.c.i.embedder.EclipseLogger - Using 'UTF-8' encoding to copy filtered resources.
2020-06-15 09:05:12,889 [Worker-17] INFO  o.e.m.c.i.embedder.EclipseLogger - Copying 0 resource
2020-06-15 09:05:22,551 [Worker-18] INFO  o.e.m.i.launch.MavenLaunchDelegate - F:\zcn\fjny_1801\mall-parent
2020-06-15 09:05:22,552 [Worker-18] INFO  o.e.m.i.launch.MavenLaunchDelegate -  mvn  -B install
2020-06-15 09:05:28,836 [Worker-25] INFO  o.e.m.i.launch.MavenLaunchDelegate - F:\zcn\fjny_1801\mall-common
2020-06-15 09:05:28,837 [Worker-25] INFO  o.e.m.i.launch.MavenLaunchDelegate -  mvn  -B install
2020-06-15 09:05:47,736 [Worker-25] INFO  o.e.m.c.i.p.ProjectConfigurationManager - Update started
2020-06-15 09:05:47,822 [Worker-25] INFO  o.e.m.c.i.l.LifecycleMappingFactory - Using org.eclipse.m2e.jdt.JarLifecycleMapping lifecycle mapping for MavenProject: org.zcn:mall-common:0.0.1-SNAPSHOT @ F:\zcn\fjny_1801\mall-common\pom.xml.
2020-06-15 09:05:48,002 [Worker-25] WARN  o.e.m.c.i.embedder.EclipseLogger - The artifact org.apache.commons:commons-io:jar:1.3.2 has been relocated to commons-io:commons-io:jar:1.3.2
2020-06-15 09:05:48,344 [Worker-25] INFO  o.e.m.c.i.p.ProjectConfigurationManager - Update completed: 0 sec
2020-06-15 09:05:48,703 [Worker-13] WARN  o.e.m.c.i.embedder.EclipseLogger - The artifact org.apache.commons:commons-io:jar:1.3.2 has been relocated to commons-io:commons-io:jar:1.3.2
2020-06-15 09:05:48,754 [Worker-13] INFO  o.e.m.c.i.embedder.EclipseLogger - Using 'UTF-8' encoding to copy filtered resources.
2020-06-15 09:05:48,754 [Worker-13] INFO  o.e.m.c.i.embedder.EclipseLogger - Copying 0 resource
2020-06-15 09:05:48,755 [Worker-13] INFO  o.e.m.c.i.embedder.EclipseLogger - Using 'UTF-8' encoding to copy filtered resources.
2020-06-15 09:05:48,755 [Worker-13] INFO  o.e.m.c.i.embedder.EclipseLogger - Copying 0 resource
2020-06-15 09:07:43,705 [Worker-20] INFO  o.e.m.i.launch.MavenLaunchDelegate - F:\zcn\fjny_1801\mall-common
2020-06-15 09:07:43,705 [Worker-20] INFO  o.e.m.i.launch.MavenLaunchDelegate -  mvn  -B install
2020-06-15 09:08:01,946 [Worker-22] INFO  o.e.m.c.i.p.ProjectConfigurationManager - Update started
2020-06-15 09:08:02,757 [Worker-22] INFO  o.e.m.c.i.e.AbstractTransferListenerAdapter - Downloaded https://repo.maven.apache.org/maven2/org/apache/maven/plugins/maven-compiler-plugin/3.2/maven-compiler-plugin-3.2.jar
2020-06-15 09:08:03,519 [Worker-22] INFO  o.e.m.c.i.e.AbstractTransferListenerAdapter - Downloaded https://repo.maven.apache.org/maven2/org/apache/maven/plugins/maven-compiler-plugin/3.2/maven-compiler-plugin-3.2.pom
2020-06-15 09:08:03,527 [Worker-22] INFO  o.e.m.c.i.l.LifecycleMappingFactory - Using org.eclipse.m2e.jdt.JarLifecycleMapping lifecycle mapping for MavenProject: org.zcn:mall-common:0.0.1-SNAPSHOT @ F:\zcn\fjny_1801\mall-common\pom.xml.
2020-06-15 09:08:03,718 [Worker-22] WARN  o.e.m.c.i.embedder.EclipseLogger - The artifact org.apache.commons:commons-io:jar:1.3.2 has been relocated to commons-io:commons-io:jar:1.3.2
2020-06-15 09:08:03,962 [Worker-22] INFO  o.e.m.c.i.p.ProjectConfigurationManager - Update completed: 2 sec
2020-06-15 09:08:04,318 [Worker-19] WARN  o.e.m.c.i.embedder.EclipseLogger - The artifact org.apache.commons:commons-io:jar:1.3.2 has been relocated to commons-io:commons-io:jar:1.3.2
2020-06-15 09:08:04,365 [Worker-19] INFO  o.e.m.c.i.embedder.EclipseLogger - Using 'UTF-8' encoding to copy filtered resources.
2020-06-15 09:08:04,366 [Worker-19] INFO  o.e.m.c.i.embedder.EclipseLogger - Copying 0 resource
2020-06-15 09:08:04,366 [Worker-19] INFO  o.e.m.c.i.embedder.EclipseLogger - Using 'UTF-8' encoding to copy filtered resources.
2020-06-15 09:08:04,366 [Worker-19] INFO  o.e.m.c.i.embedder.EclipseLogger - Copying 0 resource
2020-06-15 09:10:47,649 [Worker-28] INFO  o.e.m.c.i.embedder.EclipseLogger - Using 'UTF-8' encoding to copy filtered resources.
2020-06-15 09:10:47,649 [Worker-28] INFO  o.e.m.c.i.embedder.EclipseLogger - Copying 0 resource
2020-06-15 09:10:47,650 [Worker-28] INFO  o.e.m.c.i.embedder.EclipseLogger - Using 'UTF-8' encoding to copy filtered resources.
2020-06-15 09:10:47,651 [Worker-28] INFO  o.e.m.c.i.embedder.EclipseLogger - Copying 0 resource
2020-06-15 09:11:06,014 [Worker-29] INFO  o.e.m.c.i.p.ProjectConfigurationManager - Update started
2020-06-15 09:11:06,104 [Worker-29] INFO  o.e.m.c.i.l.LifecycleMappingFactory - Using org.eclipse.m2e.jdt.JarLifecycleMapping lifecycle mapping for MavenProject: org.zcn:mall-common:0.0.1-SNAPSHOT @ F:\zcn\fjny_1801\mall-common\pom.xml.
2020-06-15 09:11:06,338 [Worker-29] WARN  o.e.m.c.i.embedder.EclipseLogger - The artifact org.apache.commons:commons-io:jar:1.3.2 has been relocated to commons-io:commons-io:jar:1.3.2
2020-06-15 09:11:06,538 [Worker-29] INFO  o.e.m.c.i.p.ProjectConfigurationManager - Update completed: 0 sec
2020-06-15 09:11:06,868 [Worker-18] WARN  o.e.m.c.i.embedder.EclipseLogger - The artifact org.apache.commons:commons-io:jar:1.3.2 has been relocated to commons-io:commons-io:jar:1.3.2
2020-06-15 09:11:06,916 [Worker-18] INFO  o.e.m.c.i.embedder.EclipseLogger - Using 'UTF-8' encoding to copy filtered resources.
2020-06-15 09:11:06,916 [Worker-18] INFO  o.e.m.c.i.embedder.EclipseLogger - Copying 0 resource
2020-06-15 09:11:06,917 [Worker-18] INFO  o.e.m.c.i.embedder.EclipseLogger - Using 'UTF-8' encoding to copy filtered resources.
2020-06-15 09:11:06,917 [Worker-18] INFO  o.e.m.c.i.embedder.EclipseLogger - Copying 0 resource
2020-06-15 09:11:31,130 [Worker-31] INFO  o.e.m.c.i.p.ProjectConfigurationManager - Update started
2020-06-15 09:11:33,094 [Worker-31] INFO  o.e.m.c.i.e.AbstractTransferListenerAdapter - Downloaded https://repo.maven.apache.org/maven2/org/apache/maven/plugins/maven-compiler-plugin/3.2/maven-compiler-plugin-3.2.jar
2020-06-15 09:11:33,932 [Worker-31] INFO  o.e.m.c.i.e.AbstractTransferListenerAdapter - Downloaded https://repo.maven.apache.org/maven2/org/apache/maven/plugins/maven-compiler-plugin/3.2/maven-compiler-plugin-3.2.pom
2020-06-15 09:11:33,943 [Worker-31] INFO  o.e.m.c.i.l.LifecycleMappingFactory - Using org.eclipse.m2e.jdt.JarLifecycleMapping lifecycle mapping for MavenProject: org.zcn:mall-common:0.0.1-SNAPSHOT @ F:\zcn\fjny_1801\mall-common\pom.xml.
2020-06-15 09:11:34,102 [Worker-31] WARN  o.e.m.c.i.embedder.EclipseLogger - The artifact org.apache.commons:commons-io:jar:1.3.2 has been relocated to commons-io:commons-io:jar:1.3.2
2020-06-15 09:11:34,313 [Worker-31] INFO  o.e.m.c.i.p.ProjectConfigurationManager - Update completed: 3 sec
2020-06-15 09:11:34,642 [Worker-13] WARN  o.e.m.c.i.embedder.EclipseLogger - The artifact org.apache.commons:commons-io:jar:1.3.2 has been relocated to commons-io:commons-io:jar:1.3.2
2020-06-15 09:11:34,691 [Worker-13] INFO  o.e.m.c.i.embedder.EclipseLogger - Using 'UTF-8' encoding to copy filtered resources.
2020-06-15 09:11:34,691 [Worker-13] INFO  o.e.m.c.i.embedder.EclipseLogger - Copying 0 resource
2020-06-15 09:11:34,691 [Worker-13] INFO  o.e.m.c.i.embedder.EclipseLogger - Using 'UTF-8' encoding to copy filtered resources.
2020-06-15 09:11:34,692 [Worker-13] INFO  o.e.m.c.i.embedder.EclipseLogger - Copying 0 resource
2020-06-15 09:12:14,085 [Worker-24] INFO  o.e.m.c.i.p.ProjectConfigurationManager - Update started
2020-06-15 09:12:18,183 [Worker-24] INFO  o.e.m.c.i.e.AbstractTransferListenerAdapter - Downloaded https://repo.maven.apache.org/maven2/org/apache/maven/plugins/maven-compiler-plugin/3.2/maven-compiler-plugin-3.2.jar
2020-06-15 09:12:18,983 [Worker-24] INFO  o.e.m.c.i.e.AbstractTransferListenerAdapter - Downloaded https://repo.maven.apache.org/maven2/org/apache/maven/plugins/maven-compiler-plugin/3.2/maven-compiler-plugin-3.2.pom
2020-06-15 09:12:18,993 [Worker-24] INFO  o.e.m.c.i.l.LifecycleMappingFactory - Using org.eclipse.m2e.jdt.JarLifecycleMapping lifecycle mapping for MavenProject: org.zcn:mall-common:0.0.1-SNAPSHOT @ F:\zcn\fjny_1801\mall-common\pom.xml.
2020-06-15 09:12:19,184 [Worker-24] WARN  o.e.m.c.i.embedder.EclipseLogger - The artifact org.apache.commons:commons-io:jar:1.3.2 has been relocated to commons-io:commons-io:jar:1.3.2
2020-06-15 09:12:19,406 [Worker-24] INFO  o.e.m.c.i.p.ProjectConfigurationManager - Update completed: 5 sec
2020-06-15 09:12:19,739 [Worker-28] WARN  o.e.m.c.i.embedder.EclipseLogger - The artifact org.apache.commons:commons-io:jar:1.3.2 has been relocated to commons-io:commons-io:jar:1.3.2
2020-06-15 09:12:19,788 [Worker-28] INFO  o.e.m.c.i.embedder.EclipseLogger - Using 'UTF-8' encoding to copy filtered resources.
2020-06-15 09:12:19,788 [Worker-28] INFO  o.e.m.c.i.embedder.EclipseLogger - Copying 0 resource
2020-06-15 09:12:19,789 [Worker-28] INFO  o.e.m.c.i.embedder.EclipseLogger - Using 'UTF-8' encoding to copy filtered resources.
2020-06-15 09:12:19,789 [Worker-28] INFO  o.e.m.c.i.embedder.EclipseLogger - Copying 0 resource
2020-06-15 09:17:40,391 [Worker-1] WARN  o.e.m.c.i.embedder.EclipseLogger - The artifact org.apache.commons:commons-io:jar:1.3.2 has been relocated to commons-io:commons-io:jar:1.3.2
2020-06-15 09:17:44,482 [Worker-6] INFO  o.e.m.c.i.embedder.EclipseLogger - Using 'UTF-8' encoding to copy filtered resources.
2020-06-15 09:17:44,486 [Worker-6] INFO  o.e.m.c.i.embedder.EclipseLogger - Copying 6 resources
2020-06-15 09:17:44,493 [Worker-6] INFO  o.e.m.c.i.embedder.EclipseLogger - Using 'UTF-8' encoding to copy filtered resources.
2020-06-15 09:17:44,514 [Worker-6] INFO  o.e.m.c.i.embedder.EclipseLogger - Copying 0 resource
2020-06-15 09:18:02,481 [Worker-6] INFO  o.e.m.c.i.e.AbstractTransferListenerAdapter - Downloaded https://repo.maven.apache.org/maven2/org/apache/maven/plugins/maven-compiler-plugin/3.2/maven-compiler-plugin-3.2.pom
